<?xml version="1.0" encoding="UTF-8"?>
<testsuite name="com.cloudcover.cucumber.steps.ExchRunner" time="3.987" tests="56" errors="0" skipped="0" failures="0">
  <properties>
[...]
</properties>
  <testcase name="When I get all badges page 1 pageSize 2 site stackoverflow verify status 200" classname="| 1 | 2 | stackoverflow | 200 |" time="0.024"/>
  <testcase name="| 1 | 2 | stackoverflow | 200 |" classname="| 1 | 2 | stackoverflow | 200 |" time="0.029"/>
  <testcase name="| 1 | 2 | stackoverflow | 200 |" classname="| 1 | 2 | stackoverflow | 200 |" time="0.001"/>
  <testcase name="| 1 | 2 | stackoverflow | 200 |" classname="| 1 | 2 | stackoverflow | 200 |" time="0"/>
  <testcase name="When I get all badges page 2 pageSize 4 site stackoverflow verify status 200" classname="| 2 | 4 | stackoverflow | 200 |" time="0"/>
  <testcase name="| 2 | 4 | stackoverflow | 200 |" classname="| 2 | 4 | stackoverflow | 200 |" time="3.747"/>
  <testcase name="| 2 | 4 | stackoverflow | 200 |" classname="| 2 | 4 | stackoverflow | 200 |" time="0.122"/>
  <testcase name="| 2 | 4 | stackoverflow | 200 |" classname="| 2 | 4 | stackoverflow | 200 |" time="0.115"/>
  <testcase name="When Negative Test get all badges page 1.2 pageSize 2 site stackoverflow verify status 400 errror page" classname="| 1.2 | 2 | stackoverflow | 400 | page |" time="0"/>
  <testcase name="| 1.2 | 2 | stackoverflow | 400 | page |" classname="| 1.2 | 2 | stackoverflow | 400 | page |" time="0.003"/>
  <testcase name="| 1.2 | 2 | stackoverflow | 400 | page |" classname="| 1.2 | 2 | stackoverflow | 400 | page |" time="0.002"/>
  <testcase name="| 1.2 | 2 | stackoverflow | 400 | page |" classname="| 1.2 | 2 | stackoverflow | 400 | page |" time="0.001"/>
  <testcase name="When Negative Test get all badges page -1.2 pageSize 4 site stackoverflow verify status 400 errror page" classname="| -1.2 | 4 | stackoverflow | 400 | page |" time="0"/>
  <testcase name="| -1.2 | 4 | stackoverflow | 400 | page |" classname="| -1.2 | 4 | stackoverflow | 400 | page |" time="0.003"/>
  <testcase name="| -1.2 | 4 | stackoverflow | 400 | page |" classname="| -1.2 | 4 | stackoverflow | 400 | page |" time="0.027"/>
  <testcase name="| -1.2 | 4 | stackoverflow | 400 | page |" classname="| -1.2 | 4 | stackoverflow | 400 | page |" time="0.001"/>
  <testcase name="When Negative Test get all badges page 1 pageSize 1.2 site stackoverflow verify status 400 errror page" classname="| 1 | 1.2 | stackoverflow | 400 | page |" time="0"/>
  <testcase name="| 1 | 1.2 | stackoverflow | 400 | page |" classname="| 1 | 1.2 | stackoverflow | 400 | page |" time="0.004"/>
  <testcase name="| 1 | 1.2 | stackoverflow | 400 | page |" classname="| 1 | 1.2 | stackoverflow | 400 | page |" time="0.001"/>
  <testcase name="| 1 | 1.2 | stackoverflow | 400 | page |" classname="| 1 | 1.2 | stackoverflow | 400 | page |" time="0"/>
  <testcase name="When Negative Test get all badges page 1 pageSize -1.3 site stackoverflow verify status 400 errror page" classname="| 1 | -1.3 | stackoverflow | 400 | page |" time="0"/>
  <testcase name="| 1 | -1.3 | stackoverflow | 400 | page |" classname="| 1 | -1.3 | stackoverflow | 400 | page |" time="0"/>
  <testcase name="| 1 | -1.3 | stackoverflow | 400 | page |" classname="| 1 | -1.3 | stackoverflow | 400 | page |" time="0.002"/>
  <testcase name="| 1 | -1.3 | stackoverflow | 400 | page |" classname="| 1 | -1.3 | stackoverflow | 400 | page |" time="0.002"/>
  <testcase name="When Negative Test get all badges page 1 pageSize 4 site 123 verify status 400 errror No site found for name `123`" classname="| 1 | 4 | 123 | 400 | No site found for name `123` |" time="0"/>
  <testcase name="| 1 | 4 | 123 | 400 | No site found for name `123` |" classname="| 1 | 4 | 123 | 400 | No site found for name `123` |" time="0.006"/>
  <testcase name="| 1 | 4 | 123 | 400 | No site found for name `123` |" classname="| 1 | 4 | 123 | 400 | No site found for name `123` |" time="0.001"/>
  <testcase name="| 1 | 4 | 123 | 400 | No site found for name `123` |" classname="| 1 | 4 | 123 | 400 | No site found for name `123` |" time="0.002"/>
  <testcase name="When Negative Test get all badges page 1 pageSize 4 site DCP verify status 400 errror No site found for name `DCP`" classname="| 1 | 4 | DCP | 400 | No site found for name `DCP` |" time="0"/>
  <testcase name="| 1 | 4 | DCP | 400 | No site found for name `DCP` |" classname="| 1 | 4 | DCP | 400 | No site found for name `DCP` |" time="0.169"/>
  <testcase name="| 1 | 4 | DCP | 400 | No site found for name `DCP` |" classname="| 1 | 4 | DCP | 400 | No site found for name `DCP` |" time="0.129"/>
  <testcase name="| 1 | 4 | DCP | 400 | No site found for name `DCP` |" classname="| 1 | 4 | DCP | 400 | No site found for name `DCP` |" time="0.482"/>
  <testcase name="When I get badges name page 1 pageSize 2 site stackoverflow verify status 200" classname="| 1 | 2 | stackoverflow | 200 |" time="0"/>
  <testcase name="When I get badges name page 2 pageSize 4 site stackoverflow verify status 200" classname="| 2 | 4 | stackoverflow | 200 |" time="0"/>
  <testcase name="When Negative Test get badges name page 1.2 pageSize 2 site stackoverflow verify status 400 errror page" classname="| 1.2 | 2 | stackoverflow | 400 | page |" time="0"/>
  <testcase name="When Negative Test get badges name page -1.2 pageSize 4 site stackoverflow verify status 400 errror page" classname="| -1.2 | 4 | stackoverflow | 400 | page |" time="0.002"/>
  <testcase name="When Negative Test get badges name page 1 pageSize 1.2 site stackoverflow verify status 400 errror page" classname="| 1 | 1.2 | stackoverflow | 400 | page |" time="0"/>
  <testcase name="When Negative Test get badges name page 1 pageSize -1.3 site stackoverflow verify status 400 errror page" classname="| 1 | -1.3 | stackoverflow | 400 | page |" time="0"/>
  <testcase name="When Negative Test get badges name page 1 pageSize 4 site 123 verify status 400 errror No site found for name `123`" classname="| 1 | 4 | 123 | 400 | No site found for name `123` |" time="0"/>
  <testcase name="When Negative Test get badges name page 1 pageSize 4 site DCP verify status 400 errror No site found for name `DCP`" classname="| 1 | 4 | DCP | 400 | No site found for name `DCP` |" time="0"/>
  <testcase name="Given Get the id 260" classname="| 1 | 2 | stackoverflow | 200 |" time="0"/>
  <testcase name="When I get badges recipients by page 1 pageSize 2 site stackoverflow verify status 200" classname="| 1 | 2 | stackoverflow | 200 |" time="0"/>
  <testcase name="Given Get the id 260" classname="| 2 | 4 | stackoverflow | 200 |" time="0"/>
  <testcase name="When I get badges recipients by page 2 pageSize 4 site stackoverflow verify status 200" classname="| 2 | 4 | stackoverflow | 200 |" time="0"/>
  <testcase name="Given Get the id 260" classname="| 1.2 | 2 | stackoverflow | 400 | page |" time="0"/>
  <testcase name="When Negative Test get badges recipients by page 1.2 pageSize 2 site stackoverflow verify status 400 errror page" classname="| 1.2 | 2 | stackoverflow | 400 | page |" time="0"/>
  <testcase name="Given Get the id 260" classname="| -1.2 | 4 | stackoverflow | 400 | page |" time="0"/>
  <testcase name="When Negative Test get badges recipients by page -1.2 pageSize 4 site stackoverflow verify status 400 errror page" classname="| -1.2 | 4 | stackoverflow | 400 | page |" time="0"/>
  <testcase name="Given Get the id 260" classname="| 1 | 1.2 | stackoverflow | 400 | page |" time="0"/>
  <testcase name="When Negative Test get badges recipients by page 1 pageSize 1.2 site stackoverflow verify status 400 errror page" classname="| 1 | 1.2 | stackoverflow | 400 | page |" time="0"/>
  <testcase name="Given Get the id 260" classname="| 1 | -1.3 | stackoverflow | 400 | page |" time="0"/>
  <testcase name="When Negative Test get badges recipients by page 1 pageSize -1.3 site stackoverflow verify status 400 errror page" classname="| 1 | -1.3 | stackoverflow | 400 | page |" time="0"/>
  <testcase name="Given Get the id 260" classname="| 1 | 4 | 123 | 400 | No site found for name `123` |" time="0"/>
  <testcase name="When Negative Test get badges recipients by page 1 pageSize 4 site 123 verify status 400 errror No site found for name `123`" classname="| 1 | 4 | 123 | 400 | No site found for name `123` |" time="0"/>
  <testcase name="Given Get the id 260" classname="| 1 | 4 | DCP | 400 | No site found for name `DCP` |" time="0"/>
  <testcase name="When Negative Test get badges recipients by page 1 pageSize 4 site DCP verify status 400 errror No site found for name `DCP`" classname="| 1 | 4 | DCP | 400 | No site found for name `DCP` |" time="0"/>
</testsuite>